
test_sample.py F                                                         [100%]
=================================== FAILURES ===================================
_________________________________ test_answer __________________________________
    def test_answer():
>       assert inc(3) == 5
E       assert 4 == 5
E        +  where 4 = inc(3)
test_sample.py:5: AssertionError
=========================== 1 failed in 0.09 seconds ===========================
